<?xml version="1.0" encoding="UTF-8"?>
<!-- Generated by org.testng.reporters.JUnitReportReporter -->
<testsuite hostname="Albaans-MacBook-Pro.local" failures="0" tests="1" name="testNG.SingUp" time="34.529" errors="0" timestamp="2021-03-15T21:25:01 CET" skipped="0">
  <testcase classname="testNG.SingUp" name="t_01_validate_singup_zero_app" time="34.529"/>
  <system-out/>
</testsuite> <!-- testNG.SingUp -->
